<?xml version="1.0" encoding="UTF-8"?>
<!-- Generated by org.testng.reporters.JUnitXMLReporter -->
<testsuite hostname="OSIT-L-0209" ignored="0" name="Command line test" tests="2" failures="1" timestamp="23 Nov 2018 11:00:12 GMT" time="2.476" errors="0">
  <testcase name="getAPITest" time="1.527" classname="com.qa.tests.GetAPITest"/>
  <testcase name="postAPITest" time="0.898" classname="com.qa.tests.PostAPITest">
    <failure type="java.lang.AssertionError" message="expected [true] but found [false]">
      <![CDATA[java.lang.AssertionError: expected [true] but found [false]
at com.qa.tests.PostAPITest.postAPITest(PostAPITest.java:77)
... Removed 39 stack frames]]>
    </failure>
  </testcase> <!-- postAPITest -->
</testsuite> <!-- Command line test -->
