<?xml version="1.0" encoding="UTF-8" ?>
<testsuite tests="2" failures="1" name="TestSuite" time="2.433" errors="0" skipped="0">
  <properties>
[...]
</properties>
  <testcase classname="com.qa.tests.GetAPITest" name="getAPITest" time="1.531"/>
  <testcase classname="com.qa.tests.PostAPITest" name="postAPITest" time="0.902">
    <failure message="expected [true] but found [false]" type="java.lang.AssertionError">java.lang.AssertionError: expected [true] but found [false]
	at org.testng.Assert.fail(Assert.java:96)
	at org.testng.Assert.failNotEquals(Assert.java:776)
	at org.testng.Assert.assertTrue(Assert.java:44)
	at org.testng.Assert.assertTrue(Assert.java:54)
	at com.qa.tests.PostAPITest.postAPITest(PostAPITest.java:77)
</failure>
    <system-out>{&quot;name&quot;:&quot;morpheus&quot;,&quot;job&quot;:&quot;leader&quot;,&quot;id&quot;:null,&quot;createdAt&quot;:null}
The response of API------&gt;{&quot;createdAt&quot;:&quot;2018-11-23T11:03:17.354Z&quot;,&quot;id&quot;:&quot;608&quot;}
userresobj---&gt;com.qa.data.Users@6440112d
</system-out>
  </testcase>
</testsuite>