<?xml version="1.0" encoding="UTF-8"?>
<testng-results skipped="0" failed="1" ignored="0" total="1" passed="0">
  <reporter-output>
  </reporter-output>
  <suite name="Default suite" duration-ms="1596" started-at="2018-11-23T07:27:59Z" finished-at="2018-11-23T07:28:01Z">
    <groups>
    </groups>
    <test name="Default test" duration-ms="1596" started-at="2018-11-23T07:27:59Z" finished-at="2018-11-23T07:28:01Z">
      <class name="com.qa.tests.PostAPITest">
        <test-method status="PASS" signature="setUp()[pri:0, instance:com.qa.tests.PostAPITest@5c7fa833]" name="setUp" is-config="true" duration-ms="11" started-at="2018-11-23T07:28:00Z" finished-at="2018-11-23T07:28:00Z">
          <reporter-output>
          </reporter-output>
        </test-method> <!-- setUp -->
        <test-method status="FAIL" signature="postAPITest()[pri:0, instance:com.qa.tests.PostAPITest@5c7fa833]" name="postAPITest" duration-ms="1549" started-at="2018-11-23T07:28:00Z" finished-at="2018-11-23T07:28:01Z">
          <exception class="org.codehaus.jackson.map.exc.UnrecognizedPropertyException">
            <message>
              <![CDATA[Unrecognized field "id" (Class com.qa.data.Users), not marked as ignorable
 at [Source: java.io.StringReader@710636b0; line: 1, column: 8] (through reference chain: com.qa.data.Users["id"])]]>
            </message>
            <full-stacktrace>
              <![CDATA[org.codehaus.jackson.map.exc.UnrecognizedPropertyException: Unrecognized field "id" (Class com.qa.data.Users), not marked as ignorable
 at [Source: java.io.StringReader@710636b0; line: 1, column: 8] (through reference chain: com.qa.data.Users["id"])
at org.codehaus.jackson.map.exc.UnrecognizedPropertyException.from(UnrecognizedPropertyException.java:53)
at org.codehaus.jackson.map.deser.StdDeserializationContext.unknownFieldException(StdDeserializationContext.java:267)
at org.codehaus.jackson.map.deser.std.StdDeserializer.reportUnknownProperty(StdDeserializer.java:673)
at org.codehaus.jackson.map.deser.std.StdDeserializer.handleUnknownProperty(StdDeserializer.java:659)
at org.codehaus.jackson.map.deser.BeanDeserializer.handleUnknownProperty(BeanDeserializer.java:1365)
at org.codehaus.jackson.map.deser.BeanDeserializer._handleUnknown(BeanDeserializer.java:725)
at org.codehaus.jackson.map.deser.BeanDeserializer.deserializeFromObject(BeanDeserializer.java:703)
at org.codehaus.jackson.map.deser.BeanDeserializer.deserialize(BeanDeserializer.java:580)
at org.codehaus.jackson.map.ObjectMapper._readMapAndClose(ObjectMapper.java:2732)
at org.codehaus.jackson.map.ObjectMapper.readValue(ObjectMapper.java:1863)
at com.qa.tests.PostAPITest.postAPITest(PostAPITest.java:73)
at sun.reflect.NativeMethodAccessorImpl.invoke0(Native Method)
at sun.reflect.NativeMethodAccessorImpl.invoke(NativeMethodAccessorImpl.java:62)
at sun.reflect.DelegatingMethodAccessorImpl.invoke(DelegatingMethodAccessorImpl.java:43)
at java.lang.reflect.Method.invoke(Method.java:498)
at org.testng.internal.MethodInvocationHelper.invokeMethod(MethodInvocationHelper.java:124)
at org.testng.internal.Invoker.invokeMethod(Invoker.java:583)
at org.testng.internal.Invoker.invokeTestMethod(Invoker.java:719)
at org.testng.internal.Invoker.invokeTestMethods(Invoker.java:989)
at org.testng.internal.TestMethodWorker.invokeTestMethods(TestMethodWorker.java:125)
at org.testng.internal.TestMethodWorker.run(TestMethodWorker.java:109)
at org.testng.TestRunner.privateRun(TestRunner.java:648)
at org.testng.TestRunner.run(TestRunner.java:505)
at org.testng.SuiteRunner.runTest(SuiteRunner.java:455)
at org.testng.SuiteRunner.runSequentially(SuiteRunner.java:450)
at org.testng.SuiteRunner.privateRun(SuiteRunner.java:415)
at org.testng.SuiteRunner.run(SuiteRunner.java:364)
at org.testng.SuiteRunnerWorker.runSuite(SuiteRunnerWorker.java:52)
at org.testng.SuiteRunnerWorker.run(SuiteRunnerWorker.java:84)
at org.testng.TestNG.runSuitesSequentially(TestNG.java:1208)
at org.testng.TestNG.runSuitesLocally(TestNG.java:1137)
at org.testng.TestNG.runSuites(TestNG.java:1049)
at org.testng.TestNG.run(TestNG.java:1017)
at org.testng.remote.AbstractRemoteTestNG.run(AbstractRemoteTestNG.java:114)
at org.testng.remote.RemoteTestNG.initAndRun(RemoteTestNG.java:251)
at org.testng.remote.RemoteTestNG.main(RemoteTestNG.java:77)
]]>
            </full-stacktrace>
          </exception> <!-- org.codehaus.jackson.map.exc.UnrecognizedPropertyException -->
          <reporter-output>
          </reporter-output>
        </test-method> <!-- postAPITest -->
      </class> <!-- com.qa.tests.PostAPITest -->
    </test> <!-- Default test -->
  </suite> <!-- Default suite -->
</testng-results>
